2024-11-05 08:15:23 INFO User login successful: user_id=1001
2024-11-05 08:16:45 INFO API request: endpoint=/api/users, api_key=sk_live_a3f9d2c1b8e7
2024-11-05 08:17:12 WARN Failed login attempt: username=hacker123
2024-11-05 08:18:03 INFO User registration: email=newuser@example.com
2024-11-05 08:19:27 ERROR Database connection failed: timeout after 30s
2024-11-05 08:20:11 INFO Password reset requested: email=alice@example.com
2024-11-05 08:21:34 INFO Password updated successfully: user_id=1001, password=Str0ng!Pass123
2024-11-05 08:22:56 INFO API request: endpoint=/api/orders, api_key=sk_live_x9k2m4n7p1q5
2024-11-05 08:23:18 WARN Rate limit exceeded: ip=192.168.1.105
2024-11-05 08:24:42 INFO Payment processed: amount=$129.99, card=****1234
2024-11-05 08:25:09 INFO User profile updated: user_id=1005, ssn:123-45-6789
2024-11-05 08:26:31 ERROR Invalid API key: api_key=sk_test_invalid123
2024-11-05 08:27:55 INFO Subscription created: plan=premium, user_id=1008
2024-11-05 08:28:17 INFO API request: endpoint=/api/analytics, api_key=sk_live_z8w3v5b6n2m1
2024-11-05 08:29:03 WARN Suspicious activity detected: ip=203.0.113.42
2024-11-05 08:30:28 INFO User logout: user_id=1001, session_duration=15m
2024-11-05 08:31:44 INFO Email verification sent: email=diana@example.com
2024-11-05 08:32:19 ERROR Failed to send email: smtp_error=connection_refused
2024-11-05 08:33:51 INFO Admin login: username=admin, password=Admin2024!
2024-11-05 08:34:27 INFO Backup completed: size=2.3GB, duration=45s
